生成启动时间为 2013/9/14 15:28:19。
     1>项目“E:\basejsonTest\trunk\ToCBase64\ToCBase64.vcxproj”在节点 2 上(rebuild 个目标)。
     1>_PrepareForClean:
         正在删除文件“Debug\ToCBase64.lastbuildstate”。
       InitializeBuildStatus:
         正在创建“Debug\ToCBase64.unsuccessfulbuild”，因为已指定“AlwaysCreate”。
       ClCompile:
         D:\Program Files (x86)\Microsoft Visual Studio 10.0\VC\bin\CL.exe /c /ZI /nologo /W3 /WX- /Od /Oy- /D WIN32 /D _DEBUG /D _CONSOLE /Gm /EHsc /RTC1 /MDd /GS /fp:precise /Zc:wchar_t /Zc:forScope /Fo"Debug\\" /Fd"Debug\vc100.pdb" /Gd /TP /analyze- /errorReport:prompt CBase64.cpp json_reader.cpp json_value.cpp json_writer.cpp JsonToBase64main.cpp
         JsonToBase64main.cpp
     1>e:\basejsontest\trunk\tocbase64\json.h(18): warning C4996: 'fopen': This function or variable may be unsafe. Consider using fopen_s instead. To disable deprecation, use _CRT_SECURE_NO_WARNINGS. See online help for details.
                 d:\program files (x86)\microsoft visual studio 10.0\vc\include\stdio.h(234) : 参见“fopen”的声明
     1>e:\basejsontest\trunk\tocbase64\json.h(66): warning C4996: 'sprintf': This function or variable may be unsafe. Consider using sprintf_s instead. To disable deprecation, use _CRT_SECURE_NO_WARNINGS. See online help for details.
                 d:\program files (x86)\microsoft visual studio 10.0\vc\include\stdio.h(371) : 参见“sprintf”的声明
     1>e:\basejsontest\trunk\tocbase64\json.h(134): warning C4996: 'fopen': This function or variable may be unsafe. Consider using fopen_s instead. To disable deprecation, use _CRT_SECURE_NO_WARNINGS. See online help for details.
                 d:\program files (x86)\microsoft visual studio 10.0\vc\include\stdio.h(234) : 参见“fopen”的声明
     1>e:\basejsontest\trunk\tocbase64\jsontobase64main.cpp(11): warning C4996: 'fopen': This function or variable may be unsafe. Consider using fopen_s instead. To disable deprecation, use _CRT_SECURE_NO_WARNINGS. See online help for details.
                 d:\program files (x86)\microsoft visual studio 10.0\vc\include\stdio.h(234) : 参见“fopen”的声明
     1>e:\basejsontest\trunk\tocbase64\jsontobase64main.cpp(38): warning C4996: 'sprintf': This function or variable may be unsafe. Consider using sprintf_s instead. To disable deprecation, use _CRT_SECURE_NO_WARNINGS. See online help for details.
                 d:\program files (x86)\microsoft visual studio 10.0\vc\include\stdio.h(371) : 参见“sprintf”的声明
     1>e:\basejsontest\trunk\tocbase64\jsontobase64main.cpp(48): warning C4996: 'sprintf': This function or variable may be unsafe. Consider using sprintf_s instead. To disable deprecation, use _CRT_SECURE_NO_WARNINGS. See online help for details.
                 d:\program files (x86)\microsoft visual studio 10.0\vc\include\stdio.h(371) : 参见“sprintf”的声明
         json_writer.cpp
         json_value.cpp
         json_reader.cpp
         CBase64.cpp
         正在生成代码...
       Link:
         D:\Program Files (x86)\Microsoft Visual Studio 10.0\VC\bin\link.exe /ERRORREPORT:PROMPT /OUT:"E:\basejsonTest\trunk\ToCBase64\Debug\ToCBase64.exe" /INCREMENTAL /NOLOGO kernel32.lib user32.lib gdi32.lib winspool.lib comdlg32.lib advapi32.lib shell32.lib ole32.lib oleaut32.lib uuid.lib odbc32.lib odbccp32.lib /MANIFEST /ManifestFile:"Debug\ToCBase64.exe.intermediate.manifest" /MANIFESTUAC:"level='asInvoker' uiAccess='false'" /DEBUG /PDB:"E:\basejsonTest\trunk\ToCBase64\Debug\ToCBase64.pdb" /SUBSYSTEM:CONSOLE /TLBID:1 /DYNAMICBASE /NXCOMPAT /IMPLIB:"E:\basejsonTest\trunk\ToCBase64\Debug\ToCBase64.lib" /MACHINE:X86 Debug\CBase64.obj
         Debug\json_reader.obj
         Debug\json_value.obj
         Debug\json_writer.obj
         Debug\JsonToBase64main.obj
         ToCBase64.vcxproj -> E:\basejsonTest\trunk\ToCBase64\Debug\ToCBase64.exe
       Manifest:
         C:\Program Files (x86)\Microsoft SDKs\Windows\v7.0A\bin\mt.exe /nologo /verbose /out:"E:\basejsonTest\trunk\ToCBase64\Debug\ToCBase64.exe.manifest" /manifest Debug\ToCBase64.exe.intermediate.manifest
       FinalizeBuildStatus:
         正在删除文件“Debug\ToCBase64.unsuccessfulbuild”。
         正在对“Debug\ToCBase64.lastbuildstate”执行 Touch 任务。
     1>已完成生成项目“E:\basejsonTest\trunk\ToCBase64\ToCBase64.vcxproj”(rebuild 个目标)的操作。

生成成功。

已用时间 00:00:02.99
