E:\BASEJSONTEST\TRUNK\TOCBASE64\DEBUG\CBASE64.OBJ
E:\basejsonTest\trunk\ToCBase64\Debug\cl.command.1.tlog
E:\basejsonTest\trunk\ToCBase64\Debug\CL.read.1.tlog
E:\basejsonTest\trunk\ToCBase64\Debug\CL.write.1.tlog
E:\BASEJSONTEST\TRUNK\TOCBASE64\DEBUG\JSON_READER.OBJ
E:\BASEJSONTEST\TRUNK\TOCBASE64\DEBUG\JSON_VALUE.OBJ
E:\BASEJSONTEST\TRUNK\TOCBASE64\DEBUG\JSON_WRITER.OBJ
E:\BASEJSONTEST\TRUNK\TOCBASE64\DEBUG\JSONTOBASE64MAIN.OBJ
E:\basejsonTest\trunk\ToCBase64\Debug\link.command.1.tlog
E:\basejsonTest\trunk\ToCBase64\Debug\link.read.1.tlog
E:\basejsonTest\trunk\ToCBase64\Debug\link.write.1.tlog
E:\basejsonTest\trunk\ToCBase64\Debug\mt.command.1.tlog
E:\basejsonTest\trunk\ToCBase64\Debug\mt.read.1.tlog
E:\basejsonTest\trunk\ToCBase64\Debug\mt.write.1.tlog
E:\BASEJSONTEST\TRUNK\TOCBASE64\DEBUG\TOCBASE64.EXE
E:\BASEJSONTEST\TRUNK\TOCBASE64\DEBUG\TOCBASE64.EXE.INTERMEDIATE.MANIFEST
E:\BASEJSONTEST\TRUNK\TOCBASE64\DEBUG\TOCBASE64.EXE.MANIFEST
E:\BASEJSONTEST\TRUNK\TOCBASE64\DEBUG\TOCBASE64.ILK
E:\BASEJSONTEST\TRUNK\TOCBASE64\DEBUG\TOCBASE64.PDB
E:\basejsonTest\trunk\ToCBase64\Debug\ToCBase64.write.1.tlog
E:\basejsonTest\trunk\ToCBase64\Debug\vc100.idb
E:\BASEJSONTEST\TRUNK\TOCBASE64\DEBUG\VC100.PDB
